<?xml version="1.0" encoding="UTF-8"?>
<!-- Generated by org.testng.reporters.JUnitXMLReporter -->
<testsuite ignored="0" hostname="LAPTOP-ARENP5BH" failures="1" tests="4" name="Default test(failed)" time="14.523" errors="0" timestamp="26 Dec 2023 18:44:36 GMT">
  <testcase classname="org.program.flipkart" name="searchPhone" time="0.927">
    <skipped/>
  </testcase> <!-- searchPhone -->
  <testcase classname="org.program.flipkart" name="searchPhone" time="4.383">
    <skipped/>
  </testcase> <!-- searchPhone -->
  <testcase classname="org.program.flipkart" name="searchPhone" time="1.226">
    <skipped/>
  </testcase> <!-- searchPhone -->
  <testcase classname="org.program.flipkart" name="searchPhone" time="0.712">
    <failure type="java.lang.AssertionError" message="expected [true] but found [false]">
      <![CDATA[java.lang.AssertionError: expected [true] but found [false]
at org.program.flipkart.searchPhone(flipkart.java:31)
... Removed 29 stack frames]]>
    </failure>
  </testcase> <!-- searchPhone -->
</testsuite> <!-- Default test(failed) -->
