<?xml version="1.0" encoding="UTF-8"?>
<!-- Generated by org.testng.reporters.JUnitXMLReporter -->
<testsuite ignored="0" hostname="LAPTOP-ARENP5BH" failures="1" tests="5" name="tc1" time="0.06" errors="0" timestamp="26 Dec 2023 17:47:38 GMT">
  <testcase classname="org.program.Adacting" name="@BeforeClass initsetup" time="0.0">
    <failure type="org.testng.TestNGException" message="
Parameter &amp;apos;browser&amp;apos; is required by BeforeClass on method initsetup but has not been marked @Optional or defined
in C:\Users\Balakrishnan G\eclipse-workspace\ProjectTestNG\testng.xml">
      <![CDATA[org.testng.TestNGException: 
Parameter 'browser' is required by BeforeClass on method initsetup but has not been marked @Optional or defined
in C:\Users\Balakrishnan G\eclipse-workspace\ProjectTestNG\testng.xml
... Removed 23 stack frames]]>
    </failure>
  </testcase> <!-- @BeforeClass initsetup -->
  <testcase classname="org.program.Adacting" name="@AfterMethod aft" time="0.0">
    <skipped/>
  </testcase> <!-- @AfterMethod aft -->
  <testcase classname="org.program.Adacting" name="@AfterMethod aft" time="0.0">
    <skipped/>
  </testcase> <!-- @AfterMethod aft -->
  <testcase classname="org.program.Adacting" name="@AfterMethod aft" time="0.0">
    <skipped/>
  </testcase> <!-- @AfterMethod aft -->
  <testcase classname="org.program.Adacting" name="@AfterMethod aft" time="0.0">
    <skipped/>
  </testcase> <!-- @AfterMethod aft -->
  <testcase classname="org.program.Adacting" name="@AfterClass exitconfig" time="0.0">
    <skipped/>
  </testcase> <!-- @AfterClass exitconfig -->
  <testcase classname="org.program.Adacting" name="tc1" time="0.0">
    <skipped/>
  </testcase> <!-- tc1 -->
  <testcase classname="org.program.Adacting" name="tc2" time="0.0">
    <failure type="org.testng.TestNGException" message="
Parameter &amp;apos;checkindate&amp;apos; is required by @Test on method tc2 but has not been marked @Optional or defined
in C:\Users\Balakrishnan G\eclipse-workspace\ProjectTestNG\testng.xml">
      <![CDATA[org.testng.TestNGException: 
Parameter 'checkindate' is required by @Test on method tc2 but has not been marked @Optional or defined
in C:\Users\Balakrishnan G\eclipse-workspace\ProjectTestNG\testng.xml
... Removed 24 stack frames]]>
    </failure>
  </testcase> <!-- tc2 -->
  <testcase classname="org.program.Adacting" name="tc3" time="0.0">
    <skipped/>
  </testcase> <!-- tc3 -->
  <testcase classname="org.program.Adacting" name="tc4" time="0.0">
    <skipped/>
  </testcase> <!-- tc4 -->
  <testcase classname="org.program.Adacting" name="tc5" time="0.0">
    <skipped/>
  </testcase> <!-- tc5 -->
</testsuite> <!-- tc1 -->
